================================================================================
Running example: examples/complete/adaptive-clip.ed.duet
================================================================================
READING
(3.06e-4s)
TOKENIZING
(6.388087s)
PARSING
(0.792566s)
TYPE CHECKING
(1.028e-3s)
DONE
Inr
⟨ {}
, ∀ m:ℕ , n:ℕ , ε:ℝ⁺ , k:ℕ , δ:ℝ⁺ , δ′:ℝ⁺ , k:ℕ
  . 𝕄 [L∞,U|m,(n ⋅ 𝔻 )]@⟨ε+2ε√(2k㏒1/δ′),kδ+δ′⟩
  , 𝕄 [L∞,U|m,(1 ⋅ 𝔻 )]@⟨2ε√(2k㏒1/δ′),kδ+δ′⟩
  , ℝ⁺[ε]@⊤
  , ℕ[k]@⊤
  , ℝ⁺[δ]@⊤
  , ℝ⁺[δ′]@⊤
  , ℝ@⊤
  , 𝕄 [L1,U|1,(k ⋅ 𝔻 )]@⊤
  ⇒ 𝕄 [L∞,U|1,(n ⋅ ℝ)]
⟩
