================================================================================
Running example: examples/complete/adaptive-clip-zcdp.ed.duet
================================================================================
READING
(3.12e-4s)
TOKENIZING
(6.082847s)
PARSING
(0.657431s)
TYPE CHECKING
(1.014e-3s)
DONE
Inr
⟨ {}
, ∀ m:ℕ , n:ℕ , ε:ℝ⁺ , k:ℕ , δ:ℝ⁺ , ρ:ℝ⁺ , k:ℕ
  . 𝕄 [L∞,U|m,(n ⋅ 𝔻 )]@⟨kρ+ε+2√(kρ㏒1/δ),δ⟩
  , 𝕄 [L∞,U|m,(1 ⋅ 𝔻 )]@⟨kρ+2√(kρ㏒1/δ),δ⟩
  , ℝ⁺[ε]@⊤
  , ℕ[k]@⊤
  , ℝ⁺[δ]@⊤
  , ℝ⁺[ρ]@⊤
  , ℝ@⊤
  , 𝕄 [L1,U|1,(k ⋅ 𝔻 )]@⊤
  ⇒ 𝕄 [L∞,U|1,(n ⋅ ℝ)]
⟩
