================================================================================
Running example: examples/complete/adaptive-clip-eps.zcdp.duet
================================================================================
READING
(2.81e-4s)
TOKENIZING
(6.085386s)
PARSING
(0.683565s)
TYPE CHECKING
(1.109e-3s)
DONE
Inr
⟨ {}
, ∀ m:ℕ , n:ℕ , ε:ℝ⁺ , k:ℕ , δ:ℝ⁺ , ρ:ℝ⁺ , k:ℕ
  . 𝕄 [L∞,U|m,(n ⋅ 𝔻 )]@0.5ε^2+kρ
  , 𝕄 [L∞,U|m,(1 ⋅ 𝔻 )]@kρ
  , ℝ⁺[ε]@⊤
  , ℕ[k]@⊤
  , ℝ⁺[δ]@⊥
  , ℝ⁺[ρ]@⊤
  , ℝ@⊤
  , 𝕄 [L1,U|1,(k ⋅ 𝔻 )]@⊤
  ⇒ 𝕄 [L∞,U|1,(n ⋅ ℝ)]
⟩
