================================================================================
Running example: examples/complete/gd-pb-mini.tcdp.duet
================================================================================
READING
(1.93e-4s)
TOKENIZING
(2.385233s)
PARSING
(0.278761s)
TYPE CHECKING
(5.04e-4s)
DONE
Inr
⟨ {}
, ∀ m:ℕ , n:ℕ , ρ:ℝ⁺ , ω:ℕ , k:ℕ , b:ℕ
  . 𝕄 [L∞,U|m,(n ⋅ 𝔻 )]@⟨13.0b^2kρ1/m^2,1/(4.0ρ)㏒1/(b1/m)⟩
  , 𝕄 [L∞,U|m,(1 ⋅ 𝔻 )]@⟨13.0b^2kρ1/m^2,1/(4.0ρ)㏒1/(b1/m)⟩
  , ℝ⁺[ρ]@⊤
  , ℕ[ω]@⊤
  , ℕ[k]@⊤
  , ℝ@⊤
  , ℕ[b]@⊥
  ⇒ 𝕄 [L∞,U|1,(n ⋅ ℝ)]
⟩
