================================================================================
Running example: examples/complete/gd-pb.ed.duet
================================================================================
READING
(2.82e-4s)
TOKENIZING
(2.666085s)
PARSING
(0.343344s)
TYPE CHECKING
(5.08e-4s)
DONE
Inr
⟨ {}
, ∀ m:ℕ , n:ℕ , ε:ℝ⁺ , k:ℕ , δ:ℝ⁺ , δ′:ℝ⁺
  . 𝕄 [L∞,U|m,(n ⋅ 𝔻 )]@⟨2ε√(2k㏒1/δ′),kδ+δ′⟩
  , 𝕄 [L∞,U|m,(1 ⋅ 𝔻 )]@⟨2ε√(2k㏒1/δ′),kδ+δ′⟩
  , ℝ⁺[ε]@⊤
  , ℕ[k]@⊤
  , ℝ⁺[δ]@⊤
  , ℝ⁺[δ′]@⊤
  , ℝ@⊤
  ⇒ 𝕄 [L∞,U|1,(n ⋅ ℝ)]
⟩
