================================================================================
Running example: examples/complete/gd-pb-renyi.ed.duet
================================================================================
READING
(2.45e-4s)
TOKENIZING
(2.434355s)
PARSING
(0.374885s)
TYPE CHECKING
(4.38e-4s)
DONE
Inr
⟨ {}
, ∀ m:ℕ , n:ℕ , ε:ℝ⁺ , α:ℝ⁺ , k:ℕ , δ:ℝ⁺
  . 𝕄 [L∞,U|m,(n ⋅ 𝔻 )]@⟨kε+1/(α-1)㏒1/δ,δ⟩
  , 𝕄 [L∞,U|m,(1 ⋅ 𝔻 )]@⟨kε+1/(α-1)㏒1/δ,δ⟩
  , ℝ⁺[α]@⊤
  , ℝ⁺[ε]@⊤
  , ℕ[k]@⊤
  , ℝ⁺[δ]@⊤
  , ℝ@⊤
  ⇒ 𝕄 [L∞,U|1,(n ⋅ ℝ)]
⟩
