================================================================================
Running example: examples/complete/gd-pb-zcdp.ed.duet
================================================================================
READING
(1.91e-4s)
TOKENIZING
(2.340762s)
PARSING
(0.25199s)
TYPE CHECKING
(4.07e-4s)
DONE
Inr
⟨ {}
, ∀ m:ℕ , n:ℕ , ρ:ℝ⁺ , k:ℕ , δ:ℝ⁺
  . 𝕄 [L∞,U|m,(n ⋅ 𝔻 )]@⟨kρ+2√(kρ㏒1/δ),δ⟩
  , 𝕄 [L∞,U|m,(1 ⋅ 𝔻 )]@⟨kρ+2√(kρ㏒1/δ),δ⟩
  , ℝ⁺[ρ]@⊤
  , ℕ[k]@⊤
  , ℝ⁺[δ]@⊤
  , ℝ@⊤
  ⇒ 𝕄 [L∞,U|1,(n ⋅ ℝ)]
⟩
