================================================================================
Running example: examples/complete/gd-pb-mini.ed.duet
================================================================================
READING
(1.77e-4s)
TOKENIZING
(2.593704s)
PARSING
(0.314189s)
TYPE CHECKING
(5.35e-4s)
DONE
Inr
⟨ {}
, ∀ m:ℕ , n:ℕ , ε:ℝ⁺ , k:ℕ , δ:ℝ⁺ , δ′:ℝ⁺ , b:ℕ
  . 𝕄 [L∞,U|m,(n ⋅ 𝔻 )]@⟨4bε1/m√(2k㏒1/δ′),bkδ1/m+δ′⟩
  , 𝕄 [L∞,U|m,(1 ⋅ 𝔻 )]@⟨4bε1/m√(2k㏒1/δ′),bkδ1/m+δ′⟩
  , ℝ⁺[ε]@⊤
  , ℕ[k]@⊤
  , ℝ⁺[δ]@⊤
  , ℝ⁺[δ′]@⊤
  , ℝ@⊤
  , ℕ[b]@⊥
  ⇒ 𝕄 [L∞,U|1,(n ⋅ ℝ)]
⟩
