================================================================================
Running example: examples/complete/gd-tb.ed.duet
================================================================================
READING
(1.94e-4s)
TOKENIZING
(3.339202s)
PARSING
(0.557673s)
TYPE CHECKING
(3.732e-3s)
DONE
Inr
⟨ {}
, ∀ m:ℕ , n:ℕ , ε:ℝ⁺ , k:ℕ , δ:ℝ⁺ , η:ℝ⁺
  .
  𝕄 [L∞,U|m,(n ⋅ 𝔻 )]@⟨ 2ε1/(2.0√(2.0k㏒(2.01/δ)))√(2k㏒1/(0.5δ))
                      , 0.5δ+kδ1/(2.0k)
                      ⟩
  ,
  𝕄 [L∞,U|m,(1 ⋅ 𝔻 )]@⟨ 2ε1/(2.0√(2.0k㏒(2.01/δ)))√(2k㏒1/(0.5δ))
                      , 0.5δ+kδ1/(2.0k)
                      ⟩
  , ℝ⁺[ε]@⊤
  , ℕ[k]@⊤
  , ℝ⁺[δ]@⊤
  , ℝ⁺[η]@⊤
  ⇒ 𝕄 [L∞,U|1,(n ⋅ ℝ)]
⟩
