================================================================================
Running example: examples/complete/gd-unbounded-pb.ed.duet
================================================================================
READING
(1.74e-4s)
TOKENIZING
(2.397035s)
PARSING
(0.367707s)
TYPE CHECKING
(4.53e-4s)
DONE
Inr
⟨ {}
, ∀ m:ℕ , n:ℕ , ε:ℝ⁺ , k:ℕ , δ:ℝ⁺ , δ′:ℝ⁺
  . 𝕄 [L∞,U|m,(n ⋅ 𝔻 )]@⟨2ε√(2k㏒1/δ′),kδ+δ′⟩
  , 𝕄 [L∞,U|m,(1 ⋅ 𝔻 )]@⟨2ε√(2k㏒1/δ′),kδ+δ′⟩
  , ℝ⁺[ε]@⊤
  , ℕ[k]@⊤
  , ℝ⁺[δ]@⊤
  , ℝ⁺[δ′]@⊤
  , ℝ@⊤
  ⇒ 𝕄 [L∞,U|1,(n ⋅ ℝ)]
⟩
