================================================================================
Running example: examples/complete/hyperparam.ed.duet
================================================================================
READING
(2.2e-4s)
TOKENIZING
(10.062842s)
PARSING
(1.013821s)
TYPE CHECKING
(6.86e-3s)
DONE
Inr
⟨ {sign↦⊤,η↦⊤}
, ∀ m:ℕ , n:ℕ , o:ℕ , k:ℕ , ε:ℝ⁺ , δ:ℝ⁺
  . 𝕄 [L∞,U|m,(n ⋅ 𝔻 )]@⟨2oε√(2k㏒1/δ)+ε+2ε√(2k㏒1/δ),koδ+kδ+oδ+δ⟩
  , 𝕄 [L∞,U|m,(1 ⋅ 𝔻 )]@⟨2oε√(2k㏒1/δ)+ε+2ε√(2k㏒1/δ),koδ+kδ+oδ+δ⟩
  , ℕ[k]@⊤
  , ℝ⁺[ε]@⊤
  , ℝ⁺[δ]@⊤
  , 𝕄 [L∞,U|1,(o ⋅ ℝ)]@⊤
  ⇒ 𝕄 [L∞,U|1,(n ⋅ ℝ)]
⟩
