================================================================================
Running example: examples/complete/normalize.ed.duet
================================================================================
READING
(2.36e-4s)
TOKENIZING
(13.690753s)
PARSING
(1.275586s)
TYPE CHECKING
(6.908e-3s)
DONE
Inr
⟨ {col↦⊤}
, ∀ m:ℕ , n:ℕ , k:ℕ , ε:ℝ⁺ , δ:ℝ⁺ , δ′:ℝ⁺
  . 𝕄 [L∞,U|m,(n ⋅ 𝔻 )]@⟨3nε+2ε√(2k㏒1/δ′),kδ+nδ+δ′⟩
  , 𝕄 [L∞,U|m,(1 ⋅ 𝔻 )]@⟨2ε√(2k㏒1/δ′),kδ+δ′⟩
  , ℝ⁺[ε]@⊤
  , ℕ[k]@⊤
  , ℝ⁺[δ]@⊤
  , ℝ⁺[δ′]@⊤
  , ℝ@⊤
  , 𝕄 [L∞,U|1,(k ⋅ 𝔻 )]@⊤
  ⇒ 𝕄 [L∞,U|1,(n ⋅ ℝ)]
⟩
