================================================================================
Running example: examples/complete/parallel-privacy.ed.duet
================================================================================
READING
(1.81e-4s)
TOKENIZING
(2.916079s)
PARSING
(0.451154s)
TYPE CHECKING
(6.73e-4s)
DONE
Inr
⟨ {}
, ∀ m:ℕ , n:ℕ , ε:ℝ⁺ , k:ℕ , δ:ℝ⁺ , b:ℕ
  . 𝕄 [L∞,U|m,(n ⋅ 𝔻 )]@⟨ε,δ⟩
  , 𝕄 [L∞,U|m,(1 ⋅ 𝔻 )]@⟨ε,δ⟩
  , ℝ⁺[ε]@⊤
  , ℕ[k]@⊤
  , ℝ⁺[δ]@⊤
  , ℝ@⊤
  , ℕ[b]@⊤
  ⇒ 𝕄 [L2,U|1,(n ⋅ ℝ)]
⟩
