================================================================================
Running example: examples/complete/presna-crisis.eps.duet
================================================================================
READING
(1.98e-4s)
TOKENIZING
(7.50485s)
PARSING
(1.193073s)
TYPE CHECKING
(5.04e-4s)
DONE
Inr
⟨ {}
, ∀ ε:ℝ⁺
  . 𝕄 [L∞,U|★,((𝐝 ℕ) ∷ (𝐝 ℕ) ∷ (𝐝 ℕ) ∷ (𝐝 ℕ) ∷ (𝐝 𝕊) ∷ [])]@ε
  , 𝕄 [L∞,U|★,((𝐝 ℕ) ∷ (𝐝 ℕ) ∷ (𝐝 ℕ) ∷ (𝐝 ℕ) ∷ (𝐝 𝕊) ∷ [])]@ε
  , ℝ⁺[ε]@⊤
  ⇒ ℘ { 𝔹 × (℘ { ℕ × ℕ × (ℕ × ℕ) × ℝ }) }
⟩
