================================================================================
Running example: examples/complete/presna-normal.ed.duet
================================================================================
READING
(1.92e-4s)
TOKENIZING
(2.953577s)
PARSING
(0.239626s)
TYPE CHECKING
(3.19e-4s)
DONE
Inr
⟨ {}
, ∀ ε:ℝ⁺ , δ:ℝ⁺
  . 𝕄 [L∞,U|★,((𝐝 ℕ) ∷ (𝐝 ℕ) ∷ (𝐝 ℕ) ∷ (𝐝 ℕ) ∷ (𝐝 𝕊) ∷ [])]@⊥
  , 𝕄 [L∞,U|★,((𝐝 ℕ) ∷ (𝐝 ℕ) ∷ (𝐝 ℕ) ∷ (𝐝 ℕ) ∷ (𝐝 𝕊) ∷ [])]@⟨ε,δ⟩
  , ℘ { (𝐝 ℕ) × (𝐝 ℕ) }@⊤
  , ℝ⁺[ε]@⊤
  , ℝ⁺[δ]@⊤
  ⇒ ℘ { (𝐝 ℕ) × (𝐝 ℕ) × ℝ }
⟩
