================================================================================
Running example: examples/complete/presna-queries.eps.duet
================================================================================
READING
(2.12e-4s)
TOKENIZING
(10.978794s)
PARSING
(4.677615s)
TYPE CHECKING
(8.17e-4s)
DONE
Inr
⟨ {}
, ∀ ε:ℝ⁺
  . 𝕄 [L∞,U|★,((𝐝 ℕ) ∷ (𝐝 ℕ) ∷ (𝐝 ℕ) ∷ (𝐝 ℕ) ∷ (𝐝 𝕊) ∷ [])]@⊤
  , 𝕄 [L∞,U|★,((𝐝 ℕ) ∷ (𝐝 ℕ) ∷ (𝐝 ℕ) ∷ (𝐝 ℕ) ∷ (𝐝 𝕊) ∷ [])]@ε
  , ℝ⁺[ε]@⊤
  ⇒ (℘ { 𝔹 × (℘ { ℕ × ℕ × (ℕ × ℕ) × ℝ }) }) × (℘ { ℕ × ℕ × ℝ })
⟩
